<?xml version="1.0" encoding="UTF-8"?>
<!-- Generated by org.testng.reporters.JUnitXMLReporter -->
<testsuite ignored="0" hostname="DESKTOP-QBALUQ7" failures="0" tests="3" name="Default test" time="18.792" errors="0" timestamp="2021-04-24T21:45:47 EET">
  <testcase classname="tests.UserRegistrationTestWithDDTAndExcel" name="UserCanRegisterSuccssfully" time="8.228"/>
  <testcase classname="tests.UserRegistrationTestWithDDTAndExcel" name="UserCanRegisterSuccssfully" time="5.389"/>
  <testcase classname="tests.UserRegistrationTestWithDDTAndExcel" name="UserCanRegisterSuccssfully" time="4.431"/>
</testsuite> <!-- Default test -->
