<?xml version="1.0" encoding="UTF-8"?>
<testng-results ignored="0" total="3" passed="3" failed="0" skipped="0">
  <reporter-output>
  </reporter-output>
  <suite started-at="2021-04-24T21:45:28 EET" name="Default suite" finished-at="2021-04-24T21:45:47 EET" duration-ms="18792">
    <groups>
      <group name="cucumber">
        <method signature="AbstractTestNGCucumberTests.runScenario(io.cucumber.testng.PickleWrapper, io.cucumber.testng.FeatureWrapper)[pri:0, instance:tests.UserRegistrationTestWithDDTAndExcel@2e385cce]" name="runScenario" class="io.cucumber.testng.AbstractTestNGCucumberTests"/>
      </group> <!-- cucumber -->
    </groups>
    <test started-at="2021-04-24T21:45:28 EET" name="Default test" finished-at="2021-04-24T21:45:47 EET" duration-ms="18792">
      <class name="tests.UserRegistrationTestWithDDTAndExcel">
        <test-method is-config="true" signature="startDriver(java.lang.String)[pri:0, instance:tests.UserRegistrationTestWithDDTAndExcel@2e385cce]" started-at="2021-04-24T21:45:21 EET" name="startDriver" finished-at="2021-04-24T21:45:28 EET" duration-ms="7439" status="PASS">
          <params>
            <param index="0">
              <value>
                <![CDATA[firefox]]>
              </value>
            </param>
          </params>
          <reporter-output>
          </reporter-output>
        </test-method> <!-- startDriver -->
        <test-method is-config="true" signature="setUpClass()[pri:0, instance:tests.UserRegistrationTestWithDDTAndExcel@2e385cce]" started-at="2021-04-24T21:45:28 EET" name="setUpClass" finished-at="2021-04-24T21:45:29 EET" duration-ms="119" status="PASS">
          <reporter-output>
          </reporter-output>
        </test-method> <!-- setUpClass -->
        <test-method signature="UserCanRegisterSuccssfully(java.lang.String, java.lang.String, java.lang.String, java.lang.String)[pri:1, instance:tests.UserRegistrationTestWithDDTAndExcel@2e385cce]" started-at="2021-04-24T21:45:29 EET" name="UserCanRegisterSuccssfully" data-provider="ExcelData" finished-at="2021-04-24T21:45:37 EET" duration-ms="8228" status="PASS">
          <params>
            <param index="0">
              <value>
                <![CDATA[Moataz2]]>
              </value>
            </param>
            <param index="1">
              <value>
                <![CDATA[Nabil2]]>
              </value>
            </param>
            <param index="2">
              <value>
                <![CDATA[moataz3333@gmail.com]]>
              </value>
            </param>
            <param index="3">
              <value>
                <![CDATA[1.2345678E7]]>
              </value>
            </param>
          </params>
          <reporter-output>
          </reporter-output>
        </test-method> <!-- UserCanRegisterSuccssfully -->
        <test-method is-config="true" signature="screenshotOnFailure(org.testng.ITestResult)[pri:0, instance:tests.UserRegistrationTestWithDDTAndExcel@2e385cce]" started-at="2021-04-24T21:45:37 EET" name="screenshotOnFailure" finished-at="2021-04-24T21:45:37 EET" duration-ms="1" status="PASS">
          <params>
            <param index="0">
              <value>
                <![CDATA[[TestResult name=UserCanRegisterSuccssfully status=SUCCESS method=UserRegistrationTestWithDDTAndExcel.UserCanRegisterSuccssfully(java.lang.String, java.lang.String, java.lang.String, java.lang.String)[pri:1, instance:tests.UserRegistrationTestWithDDTAndExcel@2e385cce] output={null}]]]>
              </value>
            </param>
          </params>
          <reporter-output>
          </reporter-output>
        </test-method> <!-- screenshotOnFailure -->
        <test-method signature="UserCanRegisterSuccssfully(java.lang.String, java.lang.String, java.lang.String, java.lang.String)[pri:1, instance:tests.UserRegistrationTestWithDDTAndExcel@2e385cce]" started-at="2021-04-24T21:45:37 EET" name="UserCanRegisterSuccssfully" data-provider="ExcelData" finished-at="2021-04-24T21:45:43 EET" duration-ms="5389" status="PASS">
          <params>
            <param index="0">
              <value>
                <![CDATA[test]]>
              </value>
            </param>
            <param index="1">
              <value>
                <![CDATA[user]]>
              </value>
            </param>
            <param index="2">
              <value>
                <![CDATA[test.usrr@gmail.com]]>
              </value>
            </param>
            <param index="3">
              <value>
                <![CDATA[123456.0]]>
              </value>
            </param>
          </params>
          <reporter-output>
          </reporter-output>
        </test-method> <!-- UserCanRegisterSuccssfully -->
        <test-method is-config="true" signature="screenshotOnFailure(org.testng.ITestResult)[pri:0, instance:tests.UserRegistrationTestWithDDTAndExcel@2e385cce]" started-at="2021-04-24T21:45:43 EET" name="screenshotOnFailure" finished-at="2021-04-24T21:45:43 EET" duration-ms="0" status="PASS">
          <params>
            <param index="0">
              <value>
                <![CDATA[[TestResult name=UserCanRegisterSuccssfully status=SUCCESS method=UserRegistrationTestWithDDTAndExcel.UserCanRegisterSuccssfully(java.lang.String, java.lang.String, java.lang.String, java.lang.String)[pri:1, instance:tests.UserRegistrationTestWithDDTAndExcel@2e385cce] output={null}]]]>
              </value>
            </param>
          </params>
          <reporter-output>
          </reporter-output>
        </test-method> <!-- screenshotOnFailure -->
        <test-method signature="UserCanRegisterSuccssfully(java.lang.String, java.lang.String, java.lang.String, java.lang.String)[pri:1, instance:tests.UserRegistrationTestWithDDTAndExcel@2e385cce]" started-at="2021-04-24T21:45:43 EET" name="UserCanRegisterSuccssfully" data-provider="ExcelData" finished-at="2021-04-24T21:45:47 EET" duration-ms="4431" status="PASS">
          <params>
            <param index="0">
              <value>
                <![CDATA[test1]]>
              </value>
            </param>
            <param index="1">
              <value>
                <![CDATA[user2]]>
              </value>
            </param>
            <param index="2">
              <value>
                <![CDATA[test2@gmail.com]]>
              </value>
            </param>
            <param index="3">
              <value>
                <![CDATA[1.23456789E9]]>
              </value>
            </param>
          </params>
          <reporter-output>
          </reporter-output>
        </test-method> <!-- UserCanRegisterSuccssfully -->
        <test-method is-config="true" signature="screenshotOnFailure(org.testng.ITestResult)[pri:0, instance:tests.UserRegistrationTestWithDDTAndExcel@2e385cce]" started-at="2021-04-24T21:45:47 EET" name="screenshotOnFailure" finished-at="2021-04-24T21:45:47 EET" duration-ms="0" status="PASS">
          <params>
            <param index="0">
              <value>
                <![CDATA[[TestResult name=UserCanRegisterSuccssfully status=SUCCESS method=UserRegistrationTestWithDDTAndExcel.UserCanRegisterSuccssfully(java.lang.String, java.lang.String, java.lang.String, java.lang.String)[pri:1, instance:tests.UserRegistrationTestWithDDTAndExcel@2e385cce] output={null}]]]>
              </value>
            </param>
          </params>
          <reporter-output>
          </reporter-output>
        </test-method> <!-- screenshotOnFailure -->
        <test-method is-config="true" signature="tearDownClass()[pri:0, instance:tests.UserRegistrationTestWithDDTAndExcel@2e385cce]" started-at="2021-04-24T21:45:47 EET" name="tearDownClass" finished-at="2021-04-24T21:45:47 EET" duration-ms="6" status="PASS">
          <reporter-output>
          </reporter-output>
        </test-method> <!-- tearDownClass -->
        <test-method is-config="true" signature="stopDriver()[pri:0, instance:tests.UserRegistrationTestWithDDTAndExcel@2e385cce]" started-at="2021-04-24T21:45:47 EET" name="stopDriver" finished-at="2021-04-24T21:45:48 EET" duration-ms="583" status="PASS">
          <reporter-output>
          </reporter-output>
        </test-method> <!-- stopDriver -->
      </class> <!-- tests.UserRegistrationTestWithDDTAndExcel -->
    </test> <!-- Default test -->
  </suite> <!-- Default suite -->
</testng-results>
